2020-03-16 10:27:26,022 ERROR 13276 [-/::1/-/7ms GET /list] nodejs.TypeError: ctx.service.diary.list is not a function
    at HomeController.list (E:\github\Egg.js-App\egg-demo\app\controller\home.js:16:44)
    at Object.callFn (E:\github\Egg.js-App\egg-demo\node_modules\egg-core\lib\utils\index.js:44:21)
    at Object.classControllerMiddleware (E:\github\Egg.js-App\egg-demo\node_modules\egg-core\lib\loader\mixin\controller.js:87:20)
    at Object.callFn (E:\github\Egg.js-App\egg-demo\node_modules\@eggjs\router\lib\utils.js:12:21)
    at wrappedController (E:\github\Egg.js-App\egg-demo\node_modules\@eggjs\router\lib\egg_router.js:322:18)
    at dispatch (E:\github\Egg.js-App\egg-demo\node_modules\koa-compose\index.js:44:32)
    at next (E:\github\Egg.js-App\egg-demo\node_modules\koa-compose\index.js:45:18)
    at E:\github\Egg.js-App\egg-demo\node_modules\@eggjs\router\lib\router.js:190:18
    at dispatch (E:\github\Egg.js-App\egg-demo\node_modules\koa-compose\index.js:44:32)
    at E:\github\Egg.js-App\egg-demo\node_modules\koa-compose\index.js:36:12

pid: 13276
hostname: DESKTOP-L0USDMV

2020-03-16 10:27:57,429 ERROR 13276 [-/::1/-/1ms GET /list] nodejs.TypeError: ctx.service.diary.list is not a function
    at HomeController.list (E:\github\Egg.js-App\egg-demo\app\controller\home.js:16:44)
    at Object.callFn (E:\github\Egg.js-App\egg-demo\node_modules\egg-core\lib\utils\index.js:44:21)
    at Object.classControllerMiddleware (E:\github\Egg.js-App\egg-demo\node_modules\egg-core\lib\loader\mixin\controller.js:87:20)
    at Object.callFn (E:\github\Egg.js-App\egg-demo\node_modules\@eggjs\router\lib\utils.js:12:21)
    at wrappedController (E:\github\Egg.js-App\egg-demo\node_modules\@eggjs\router\lib\egg_router.js:322:18)
    at dispatch (E:\github\Egg.js-App\egg-demo\node_modules\koa-compose\index.js:44:32)
    at next (E:\github\Egg.js-App\egg-demo\node_modules\koa-compose\index.js:45:18)
    at E:\github\Egg.js-App\egg-demo\node_modules\@eggjs\router\lib\router.js:190:18
    at dispatch (E:\github\Egg.js-App\egg-demo\node_modules\koa-compose\index.js:44:32)
    at E:\github\Egg.js-App\egg-demo\node_modules\koa-compose\index.js:36:12

pid: 13276
hostname: DESKTOP-L0USDMV

2020-03-16 11:49:41,135 ERROR 15976 nodejs.unhandledExceptionError: read ECONNRESET
    at TCP.onStreamRead (internal/stream_base_commons.js:111:27)
errno: "ECONNRESET"
code: "ECONNRESET"
syscall: "read"
name: "unhandledExceptionError"
pid: 15976
hostname: DESKTOP-L0USDMV

