2020-03-14 16:37:19,080 WARN 14692 [-/::1/-/3ms POST /add?title=123&content=ccc] invalid csrf token. See https://eggjs.org/zh-cn/core/security.html#安全威胁csrf的防范
2020-03-14 16:37:19,099 WARN 14692 [-/::1/-/22ms POST /add?title=123&content=ccc] nodejs.ForbiddenError: invalid csrf token
    at Object.throw (E:\github\Egg.js-App\egg-demo\node_modules\koa\lib\context.js:97:11)
    at Object.assertCsrf (E:\github\Egg.js-App\egg-demo\node_modules\egg-security\app\extend\context.js:162:19)
    at csrf (E:\github\Egg.js-App\egg-demo\node_modules\egg-security\lib\middlewares\csrf.js:33:9)
    at dispatch (E:\github\Egg.js-App\egg-demo\node_modules\egg-security\node_modules\koa-compose\index.js:42:32)
    at E:\github\Egg.js-App\egg-demo\node_modules\egg-security\node_modules\koa-compose\index.js:34:12
    at dispatch (E:\github\Egg.js-App\egg-demo\node_modules\koa\node_modules\koa-compose\index.js:42:32)
    at session (E:\github\Egg.js-App\egg-demo\node_modules\koa-session\index.js:41:13)
    at dispatch (E:\github\Egg.js-App\egg-demo\node_modules\koa\node_modules\koa-compose\index.js:42:32)
    at overrideMethod (E:\github\Egg.js-App\egg-demo\node_modules\koa-override\index.js:38:12)
    at dispatch (E:\github\Egg.js-App\egg-demo\node_modules\koa\node_modules\koa-compose\index.js:42:32)
message: "invalid csrf token"
pid: 14692
hostname: DESKTOP-L0USDMV

2020-03-16 10:27:26,026 ERROR 13276 [-/::1/-/7ms GET /list] nodejs.TypeError: ctx.service.diary.list is not a function
    at HomeController.list (E:\github\Egg.js-App\egg-demo\app\controller\home.js:16:44)
    at Object.callFn (E:\github\Egg.js-App\egg-demo\node_modules\egg-core\lib\utils\index.js:44:21)
    at Object.classControllerMiddleware (E:\github\Egg.js-App\egg-demo\node_modules\egg-core\lib\loader\mixin\controller.js:87:20)
    at Object.callFn (E:\github\Egg.js-App\egg-demo\node_modules\@eggjs\router\lib\utils.js:12:21)
    at wrappedController (E:\github\Egg.js-App\egg-demo\node_modules\@eggjs\router\lib\egg_router.js:322:18)
    at dispatch (E:\github\Egg.js-App\egg-demo\node_modules\koa-compose\index.js:44:32)
    at next (E:\github\Egg.js-App\egg-demo\node_modules\koa-compose\index.js:45:18)
    at E:\github\Egg.js-App\egg-demo\node_modules\@eggjs\router\lib\router.js:190:18
    at dispatch (E:\github\Egg.js-App\egg-demo\node_modules\koa-compose\index.js:44:32)
    at E:\github\Egg.js-App\egg-demo\node_modules\koa-compose\index.js:36:12

pid: 13276
hostname: DESKTOP-L0USDMV

2020-03-16 10:27:57,437 ERROR 13276 [-/::1/-/1ms GET /list] nodejs.TypeError: ctx.service.diary.list is not a function
    at HomeController.list (E:\github\Egg.js-App\egg-demo\app\controller\home.js:16:44)
    at Object.callFn (E:\github\Egg.js-App\egg-demo\node_modules\egg-core\lib\utils\index.js:44:21)
    at Object.classControllerMiddleware (E:\github\Egg.js-App\egg-demo\node_modules\egg-core\lib\loader\mixin\controller.js:87:20)
    at Object.callFn (E:\github\Egg.js-App\egg-demo\node_modules\@eggjs\router\lib\utils.js:12:21)
    at wrappedController (E:\github\Egg.js-App\egg-demo\node_modules\@eggjs\router\lib\egg_router.js:322:18)
    at dispatch (E:\github\Egg.js-App\egg-demo\node_modules\koa-compose\index.js:44:32)
    at next (E:\github\Egg.js-App\egg-demo\node_modules\koa-compose\index.js:45:18)
    at E:\github\Egg.js-App\egg-demo\node_modules\@eggjs\router\lib\router.js:190:18
    at dispatch (E:\github\Egg.js-App\egg-demo\node_modules\koa-compose\index.js:44:32)
    at E:\github\Egg.js-App\egg-demo\node_modules\koa-compose\index.js:36:12

pid: 13276
hostname: DESKTOP-L0USDMV

2020-03-16 10:58:08,793 WARN 1728 [-/::1/-/16ms POST /update] nodejs.SyntaxError: Unexpected token } in JSON at position 62, check bodyParser config
    at JSON.parse (<anonymous>)
    at parse (E:\github\Egg.js-App\egg-demo\node_modules\co-body\lib\json.js:57:17)
    at AsyncFunction.module.exports [as json] (E:\github\Egg.js-App\egg-demo\node_modules\co-body\lib\json.js:41:20)
    at process._tickCallback (internal/process/next_tick.js:68:7)
status: 400
body: "{\n\t\"id\": 2,\n\t\"title\": \"woshixxx\",\n\t\"content\": \"hello egg.js\",\n}"
pid: 1728
hostname: DESKTOP-L0USDMV

